# JRE version: OpenJDK Runtime Environment (8.0_152-b01) (build 1.8.0_152-release-1343-b01)
# Java VM: OpenJDK 64-Bit Server VM (25.152-b01 mixed mode windows-amd64 compressed oops)
Heap:
 PSYoungGen      total 290816K, used 236048K [0x00000000eab00000, 0x00000000ffc80000, 0x0000000100000000)
  eden space 237056K, 96% used [0x00000000eab00000,0x00000000f8966970,0x00000000f9280000)
  from space 53760K, 15% used [0x00000000f9280000,0x00000000f9a9da38,0x00000000fc700000)
  to   space 52224K, 0% used [0x00000000fc980000,0x00000000fc980000,0x00000000ffc80000)
 ParOldGen       total 431104K, used 67782K [0x00000000c0000000, 0x00000000da500000, 0x00000000eab00000)
  object space 431104K, 15% used [0x00000000c0000000,0x00000000c4231878,0x00000000da500000)
 Metaspace       used 97155K, capacity 100549K, committed 100800K, reserved 1136640K
  class space    used 12033K, capacity 12678K, committed 12800K, reserved 1048576K
GC Heap History (10 events):
Event: 660.904 GC heap before
{Heap before GC invocations=27 (full 4):
 PSYoungGen      total 290816K, used 238793K [0x00000000eab00000, 0x0000000100000000, 0x0000000100000000)
  eden space 233472K, 100% used [0x00000000eab00000,0x00000000f8f00000,0x00000000f8f00000)
  from space 57344K, 9% used [0x00000000fc800000,0x00000000fcd32668,0x0000000100000000)
  to   space 57856K, 0% used [0x00000000f8f00000,0x00000000f8f00000,0x00000000fc780000)
 ParOldGen       total 431104K, used 67774K [0x00000000c0000000, 0x00000000da500000, 0x00000000eab00000)
  object space 431104K, 15% used [0x00000000c0000000,0x00000000c422f878,0x00000000da500000)
 Metaspace       used 96677K, capacity 100103K, committed 100288K, reserved 1136640K
  class space    used 11998K, capacity 12669K, committed 12800K, reserved 1048576K
Event: 660.912 GC heap after
Heap after GC invocations=27 (full 4):
 PSYoungGen      total 244736K, used 11261K [0x00000000eab00000, 0x00000000ffe80000, 0x0000000100000000)
  eden space 233472K, 0% used [0x00000000eab00000,0x00000000eab00000,0x00000000f8f00000)
  from space 11264K, 99% used [0x00000000f8f00000,0x00000000f99ff720,0x00000000f9a00000)
  to   space 56832K, 0% used [0x00000000fc700000,0x00000000fc700000,0x00000000ffe80000)
 ParOldGen       total 431104K, used 67782K [0x00000000c0000000, 0x00000000da500000, 0x00000000eab00000)
  object space 431104K, 15% used [0x00000000c0000000,0x00000000c4231878,0x00000000da500000)
 Metaspace       used 96677K, capacity 100103K, committed 100288K, reserved 1136640K
  class space    used 11998K, capacity 12669K, committed 12800K, reserved 1048576K
}
Event: 662.129 GC heap before
{Heap before GC invocations=28 (full 4):
 PSYoungGen      total 244736K, used 244733K [0x00000000eab00000, 0x00000000ffe80000, 0x0000000100000000)
  eden space 233472K, 100% used [0x00000000eab00000,0x00000000f8f00000,0x00000000f8f00000)
  from space 11264K, 99% used [0x00000000f8f00000,0x00000000f99ff720,0x00000000f9a00000)
  to   space 56832K, 0% used [0x00000000fc700000,0x00000000fc700000,0x00000000ffe80000)
 ParOldGen       total 431104K, used 67782K [0x00000000c0000000, 0x00000000da500000, 0x00000000eab00000)
  object space 431104K, 15% used [0x00000000c0000000,0x00000000c4231878,0x00000000da500000)
 Metaspace       used 96843K, capacity 100261K, committed 100544K, reserved 1136640K
  class space    used 12021K, capacity 12676K, committed 12800K, reserved 1048576K
Event: 662.137 GC heap after
Heap after GC invocations=28 (full 4):
 PSYoungGen      total 291840K, used 11737K [0x00000000eab00000, 0x0000000100000000, 0x0000000100000000)
  eden space 235008K, 0% used [0x00000000eab00000,0x00000000eab00000,0x00000000f9080000)
  from space 56832K, 20% used [0x00000000fc700000,0x00000000fd2766f0,0x00000000ffe80000)
  to   space 55808K, 0% used [0x00000000f9080000,0x00000000f9080000,0x00000000fc700000)
 ParOldGen       total 431104K, used 67782K [0x00000000c0000000, 0x00000000da500000, 0x00000000eab00000)
  object space 431104K, 15% used [0x00000000c0000000,0x00000000c4231878,0x00000000da500000)
 Metaspace       used 96843K, capacity 100261K, committed 100544K, reserved 1136640K
  class space    used 12021K, capacity 12676K, committed 12800K, reserved 1048576K
}
Event: 663.240 GC heap before
{Heap before GC invocations=29 (full 4):
 PSYoungGen      total 291840K, used 246745K [0x00000000eab00000, 0x0000000100000000, 0x0000000100000000)
  eden space 235008K, 100% used [0x00000000eab00000,0x00000000f9080000,0x00000000f9080000)
  from space 56832K, 20% used [0x00000000fc700000,0x00000000fd2766f0,0x00000000ffe80000)
  to   space 55808K, 0% used [0x00000000f9080000,0x00000000f9080000,0x00000000fc700000)
 ParOldGen       total 431104K, used 67782K [0x00000000c0000000, 0x00000000da500000, 0x00000000eab00000)
  object space 431104K, 15% used [0x00000000c0000000,0x00000000c4231878,0x00000000da500000)
 Metaspace       used 96912K, capacity 100329K, committed 100544K, reserved 1136640K
  class space    used 12026K, capacity 12676K, committed 12800K, reserved 1048576K
Event: 663.253 GC heap after
Heap after GC invocations=29 (full 4):
 PSYoungGen      total 290816K, used 10907K [0x00000000eab00000, 0x00000000ffc00000, 0x0000000100000000)
  eden space 235008K, 0% used [0x00000000eab00000,0x00000000eab00000,0x00000000f9080000)
  from space 55808K, 19% used [0x00000000f9080000,0x00000000f9b26c80,0x00000000fc700000)
  to   space 54272K, 0% used [0x00000000fc700000,0x00000000fc700000,0x00000000ffc00000)
 ParOldGen       total 431104K, used 67782K [0x00000000c0000000, 0x00000000da500000, 0x00000000eab00000)
  object space 431104K, 15% used [0x00000000c0000000,0x00000000c4231878,0x00000000da500000)
 Metaspace       used 96912K, capacity 100329K, committed 100544K, reserved 1136640K
  class space    used 12026K, capacity 12676K, committed 12800K, reserved 1048576K
}
Event: 664.605 GC heap before
{Heap before GC invocations=30 (full 4):
 PSYoungGen      total 290816K, used 245915K [0x00000000eab00000, 0x00000000ffc00000, 0x0000000100000000)
  eden space 235008K, 100% used [0x00000000eab00000,0x00000000f9080000,0x00000000f9080000)
  from space 55808K, 19% used [0x00000000f9080000,0x00000000f9b26c80,0x00000000fc700000)
  to   space 54272K, 0% used [0x00000000fc700000,0x00000000fc700000,0x00000000ffc00000)
 ParOldGen       total 431104K, used 67782K [0x00000000c0000000, 0x00000000da500000, 0x00000000eab00000)
  object space 431104K, 15% used [0x00000000c0000000,0x00000000c4231878,0x00000000da500000)
 Metaspace       used 97101K, capacity 100475K, committed 100800K, reserved 1136640K
  class space    used 12033K, capacity 12677K, committed 12800K, reserved 1048576K
Event: 664.612 GC heap after
Heap after GC invocations=30 (full 4):
 PSYoungGen      total 291328K, used 6842K [0x00000000eab00000, 0x00000000ffd80000, 0x0000000100000000)
  eden space 237056K, 0% used [0x00000000eab00000,0x00000000eab00000,0x00000000f9280000)
  from space 54272K, 12% used [0x00000000fc700000,0x00000000fcdaebf8,0x00000000ffc00000)
  to   space 53760K, 0% used [0x00000000f9280000,0x00000000f9280000,0x00000000fc700000)
 ParOldGen       total 431104K, used 67782K [0x00000000c0000000, 0x00000000da500000, 0x00000000eab00000)
  object space 431104K, 15% used [0x00000000c0000000,0x00000000c4231878,0x00000000da500000)
 Metaspace       used 97101K, capacity 100475K, committed 100800K, reserved 1136640K
  class space    used 12033K, capacity 12677K, committed 12800K, reserved 1048576K
}
Event: 665.725 GC heap before
{Heap before GC invocations=31 (full 4):
 PSYoungGen      total 291328K, used 243898K [0x00000000eab00000, 0x00000000ffd80000, 0x0000000100000000)
  eden space 237056K, 100% used [0x00000000eab00000,0x00000000f9280000,0x00000000f9280000)
  from space 54272K, 12% used [0x00000000fc700000,0x00000000fcdaebf8,0x00000000ffc00000)
  to   space 53760K, 0% used [0x00000000f9280000,0x00000000f9280000,0x00000000fc700000)
 ParOldGen       total 431104K, used 67782K [0x00000000c0000000, 0x00000000da500000, 0x00000000eab00000)
  object space 431104K, 15% used [0x00000000c0000000,0x00000000c4231878,0x00000000da500000)
 Metaspace       used 97132K, capacity 100545K, committed 100800K, reserved 1136640K
  class space    used 12033K, capacity 12678K, committed 12800K, reserved 1048576K
Event: 665.734 GC heap after
Heap after GC invocations=31 (full 4):
 PSYoungGen      total 290816K, used 8310K [0x00000000eab00000, 0x00000000ffc80000, 0x0000000100000000)
  eden space 237056K, 0% used [0x00000000eab00000,0x00000000eab00000,0x00000000f9280000)
  from space 53760K, 15% used [0x00000000f9280000,0x00000000f9a9da38,0x00000000fc700000)
  to   space 52224K, 0% used [0x00000000fc980000,0x00000000fc980000,0x00000000ffc80000)
 ParOldGen       total 431104K, used 67782K [0x00000000c0000000, 0x00000000da500000, 0x00000000eab00000)
  object space 431104K, 15% used [0x00000000c0000000,0x00000000c4231878,0x00000000da500000)
 Metaspace       used 97132K, capacity 100545K, committed 100800K, reserved 1136640K
  class space    used 12033K, capacity 12678K, committed 12800K, reserved 1048576K
}

